<?xml version="1.0" encoding="UTF-8"?>
<!-- Generated by org.testng.reporters.JUnitXMLReporter -->
<testsuite ignored="9" hostname="rahul-TravelMate-P214-52" failures="0" tests="3" name="CheckWeather" time="0.025" errors="0" timestamp="29 Jun 2021 08:27:51 GMT">
  <testcase classname="com.testVagrant.Test.BaseTest" name="@BeforeSuite driversetup" time="0.881">
    <failure type="java.lang.NullPointerException" message="Cannot invoke &amp;quot;org.openqa.selenium.WebDriver.get(String)&amp;quot; because &amp;quot;com.testvagrant.drivers.DriverManager.driver&amp;quot; is null">
      <![CDATA[java.lang.NullPointerException: Cannot invoke "org.openqa.selenium.WebDriver.get(String)" because "com.testvagrant.drivers.DriverManager.driver" is null
at com.testvagrant.drivers.DriverManager.getWebDriver(DriverManager.java:28)
at com.testVagrant.Test.BaseTest.driversetup(BaseTest.java:36)
... Removed 20 stack frames]]>
    </failure>
  </testcase> <!-- @BeforeSuite driversetup -->
  <testcase classname="com.testVagrant.Test.BaseTest" name="@BeforeSuite setup" time="0.0">
    <skipped/>
  </testcase> <!-- @BeforeSuite setup -->
  <testcase classname="com.testVagrant.Test.VerifyNDTVHomePage" name="checkNDTVHomePage" time="0.0">
    <skipped/>
  </testcase> <!-- checkNDTVHomePage -->
  <testcase classname="com.testVagrant.Test.VerifyWeatherPageNavigation" name="verifyWeatherPage" time="0.0">
    <skipped/>
  </testcase> <!-- verifyWeatherPage -->
  <testcase classname="com.testVagrant.Test.TestTemperatureComparison" name="verifyWeatherComparison" time="0.0">
    <skipped/>
  </testcase> <!-- verifyWeatherComparison -->
  <testcase classname="com.testVagrant.Test.BaseTest" name="@AfterSuite tearDown" time="0.0">
    <ignored/>
  </testcase> <!-- @AfterSuite tearDown -->
  <testcase classname="com.testVagrant.Test.BaseTest" name="@AfterSuite tearDown" time="0.0">
    <ignored/>
  </testcase> <!-- @AfterSuite tearDown -->
  <testcase classname="com.testVagrant.Test.BaseTest" name="@AfterSuite tearDown" time="0.0">
    <ignored/>
  </testcase> <!-- @AfterSuite tearDown -->
  <testcase classname="com.testVagrant.Test.BaseTest" name="@BeforeSuite driversetup" time="0.0">
    <ignored/>
  </testcase> <!-- @BeforeSuite driversetup -->
  <testcase classname="com.testVagrant.Test.BaseTest" name="@BeforeSuite driversetup" time="0.0">
    <ignored/>
  </testcase> <!-- @BeforeSuite driversetup -->
  <testcase classname="com.testVagrant.Test.BaseTest" name="@BeforeSuite driversetup" time="0.0">
    <ignored/>
  </testcase> <!-- @BeforeSuite driversetup -->
  <testcase classname="com.testVagrant.Test.BaseTest" name="@BeforeSuite setup" time="0.0">
    <ignored/>
  </testcase> <!-- @BeforeSuite setup -->
  <testcase classname="com.testVagrant.Test.BaseTest" name="@BeforeSuite setup" time="0.0">
    <ignored/>
  </testcase> <!-- @BeforeSuite setup -->
  <testcase classname="com.testVagrant.Test.BaseTest" name="@BeforeSuite setup" time="0.0">
    <ignored/>
  </testcase> <!-- @BeforeSuite setup -->
</testsuite> <!-- CheckWeather -->
